********************************************************************************
DUPLICATOR-LITE PACKAGE-LOG: 2017-01-28 20:09:09
NOTICE: Do NOT post to public sites or forums 
********************************************************************************
VERSION:	1.1.24
WORDPRESS:	4.7.1
PHP INFO:	5.5.9 | SAPI: apache2handler
SERVER:		Apache/2.4.7 (Unix) PHP/5.5.9 OpenSSL/1.0.1f mod_perl/2.0.8-dev Perl/v5.16.3 
PHP TIME LIMIT: (0) no time limit imposed 
PHP MAX MEMORY: 2048M (128M default) 
MEMORY STACK: 37.5MB 

********************************************************************************
DATABASE:
********************************************************************************
BUILD MODE:   PHP(query limit - 100)
MYSQLTIMEOUT: 5000
MYSQLDUMP:    Not Supported 
TABLES: total:23 | filtered:0 | create:23 
FILTERED: [] 
SQL CREATED: 20161122_karlovobusiness_588cfa4f6611e8706170128200847_database.sql 
SQL FILE SIZE: 726.68KB (744118) 
SQL FILE TIME: 2017-01-28 20:09:10 
SQL RUNTIME: 0.06 sec. 

******************************************************************************** 
ARCHIVE (ZIP): 
******************************************************************************** 
ARCHIVE DIR:  /Users/pajakoo/IdeaProjects/karlovobusiness 
ARCHIVE FILE: 20161122_karlovobusiness_588cfa4f6611e8706170128200847_archive.zip 
FILTERS: *OFF* 
DIRS: not set 
EXTS:  not set 
---------------------------------------- 
COMPRESSING 
SIZE:	118.58MB 
STATS:	Dirs 514 | Files 4,961 
SQL ADDED: 20161122_karlovobusiness_588cfa4f6611e8706170128200847_database.sql 
ZipArchive Object
(
    [status] => 0
    [statusSys] => 0
    [numFiles] => 5475
    [filename] => /Users/pajakoo/IdeaProjects/karlovobusiness/wp-snapshots/tmp/20161122_karlovobusiness_588cfa4f6611e8706170128200847_archive.zip
    [comment] => 
)
 
COMPRESSION RESULT: '1' 
COMPRESSED SIZE: 74.48MB 
ARCHIVE RUNTIME: 8.88 sec. 
MEMORY STACK: 40MB 

******************************************************************************** 
MAKE INSTALLER: 
******************************************************************************** 
Build Start 
Build Finished 
Preping for use 
Template parsed with new data 
Complete [/Users/pajakoo/IdeaProjects/karlovobusiness/wp-snapshots/tmp/20161122_karlovobusiness_588cfa4f6611e8706170128200847_installer.php] 
Added to archive 

******************************************************************************** 
INTEGRITY CHECKS: 
******************************************************************************** 
SQL File: 726.68KB 
Installer File: 352.05KB 
Archive File: 74.48MB  

********************************************************************************
RECORD ID:[4]
TOTAL PROCESS RUNTIME: 9.78 sec.
PEAK PHP MEMORY USED: 42MB
DONE PROCESSING => 20161122_karlovobusiness 2017-01-28 20:09:19
 
