********************************************************************************
DUPLICATOR-LITE PACKAGE-LOG: 2016-11-22 13:32:41
NOTICE: Do NOT post to public sites or forums 
********************************************************************************
VERSION:	1.1.20
WORDPRESS:	4.6.1
PHP INFO:	5.5.9 | SAPI: apache2handler
SERVER:		Apache/2.4.7 (Unix) PHP/5.5.9 OpenSSL/1.0.1f mod_perl/2.0.8-dev Perl/v5.16.3 
PHP TIME LIMIT: (0) no time limit imposed 
PHP MAX MEMORY: 2048M (128M default) 
MEMORY STACK: 36MB 

********************************************************************************
DATABASE:
********************************************************************************
BUILD MODE:   PHP(query limit - 100)
MYSQLTIMEOUT: 5000
MYSQLDUMP:    Not Supported 
TABLES: total:22 | filtered:0 | create:22 
FILTERED: [] 
SQL CREATED: 20161122_karlovobusiness_583448e78e3709259161122133223_database.sql 
SQL FILE SIZE: 800.15KB (819350) 
SQL FILE TIME: 2016-11-22 13:32:41 
SQL RUNTIME: 0.08 sec. 

******************************************************************************** 
ARCHIVE (ZIP): 
******************************************************************************** 
ARCHIVE DIR:  /Applications/XAMPP/xamppfiles/htdocs/karlovobusiness 
ARCHIVE FILE: 20161122_karlovobusiness_583448e78e3709259161122133223_archive.zip 
FILTERS: *OFF* 
DIRS: not set 
EXTS:  not set 
---------------------------------------- 
COMPRESSING 
SIZE:	115.69MB 
STATS:	Dirs 280 | Files 2,819 
SQL ADDED: 20161122_karlovobusiness_583448e78e3709259161122133223_database.sql 
ZipArchive Object
(
    [status] => 0
    [statusSys] => 0
    [numFiles] => 3099
    [filename] => /Applications/XAMPP/xamppfiles/htdocs/karlovobusiness/wp-snapshots/tmp/20161122_karlovobusiness_583448e78e3709259161122133223_archive.zip
    [comment] => 
)
 
COMPRESSION RESULT: '1' 
COMPRESSED SIZE: 87.54MB 
ARCHIVE RUNTIME: 7.21 sec. 
MEMORY STACK: 37.5MB 

******************************************************************************** 
MAKE INSTALLER: 
******************************************************************************** 
Build Start 
Build Finished 
Preping for use 
Template parsed with new data 
Complete [/Applications/XAMPP/xamppfiles/htdocs/karlovobusiness/wp-snapshots/tmp/20161122_karlovobusiness_583448e78e3709259161122133223_installer.php] 
Added to archive 

******************************************************************************** 
INTEGRITY CHECKS: 
******************************************************************************** 
SQL File: 800.15KB 
Installer File: 351.95KB 
Archive File: 87.54MB  

********************************************************************************
RECORD ID:[2]
TOTAL PROCESS RUNTIME: 7.91 sec.
PEAK PHP MEMORY USED: 40MB
DONE PROCESSING => 20161122_karlovobusiness 2016-11-22 13:32:49
 
