********************************************************************************
DUPLICATOR-LITE PACKAGE-LOG: 2016-11-28 15:21:54
NOTICE: Do NOT post to public sites or forums 
********************************************************************************
VERSION:	1.1.22
WORDPRESS:	4.6.1
PHP INFO:	5.5.9 | SAPI: apache2handler
SERVER:		Apache/2.4.7 (Unix) PHP/5.5.9 OpenSSL/1.0.1f mod_perl/2.0.8-dev Perl/v5.16.3 
PHP TIME LIMIT: (0) no time limit imposed 
PHP MAX MEMORY: 2048M (128M default) 
MEMORY STACK: 36MB 

********************************************************************************
DATABASE:
********************************************************************************
BUILD MODE:   PHP(query limit - 100)
MYSQLTIMEOUT: 5000
MYSQLDUMP:    Not Supported 
TABLES: total:22 | filtered:0 | create:22 
FILTERED: [] 
SQL CREATED: 20161122_karlovobusiness_583c4b6bef8bc5568161128152115_database.sql 
SQL FILE SIZE: 802.79KB (822062) 
SQL FILE TIME: 2016-11-28 15:21:54 
SQL RUNTIME: 0.09 sec. 

******************************************************************************** 
ARCHIVE (ZIP): 
******************************************************************************** 
ARCHIVE DIR:  /Applications/XAMPP/xamppfiles/htdocs/karlovobusiness 
ARCHIVE FILE: 20161122_karlovobusiness_583c4b6bef8bc5568161128152115_archive.zip 
FILTERS: *OFF* 
DIRS: not set 
EXTS:  not set 
---------------------------------------- 
COMPRESSING 
SIZE:	115.93MB 
STATS:	Dirs 286 | Files 2,856 
SQL ADDED: 20161122_karlovobusiness_583c4b6bef8bc5568161128152115_database.sql 
ZipArchive Object
(
    [status] => 0
    [statusSys] => 0
    [numFiles] => 3142
    [filename] => /Applications/XAMPP/xamppfiles/htdocs/karlovobusiness/wp-snapshots/tmp/20161122_karlovobusiness_583c4b6bef8bc5568161128152115_archive.zip
    [comment] => 
)
 
COMPRESSION RESULT: '1' 
COMPRESSED SIZE: 87.66MB 
ARCHIVE RUNTIME: 7.39 sec. 
MEMORY STACK: 37.5MB 

******************************************************************************** 
MAKE INSTALLER: 
******************************************************************************** 
Build Start 
Build Finished 
Preping for use 
Template parsed with new data 
Complete [/Applications/XAMPP/xamppfiles/htdocs/karlovobusiness/wp-snapshots/tmp/20161122_karlovobusiness_583c4b6bef8bc5568161128152115_installer.php] 
Added to archive 

******************************************************************************** 
INTEGRITY CHECKS: 
******************************************************************************** 
SQL File: 802.79KB 
Installer File: 351.95KB 
Archive File: 87.66MB  

********************************************************************************
RECORD ID:[3]
TOTAL PROCESS RUNTIME: 8.13 sec.
PEAK PHP MEMORY USED: 39.5MB
DONE PROCESSING => 20161122_karlovobusiness 2016-11-28 15:22:02
 
